<?xml version="1.0" encoding="UTF-8"?>
<!-- Generated by org.testng.reporters.JUnitReportReporter -->
<testsuite hostname="INLEN852002488B" failures="0" tests="2" name="com.snowflake.setup.ModifyTable" time="0.371" errors="0" timestamp="2022-11-04T01:36:52 IST" skipped="0">
  <testcase classname="com.snowflake.setup.ModifyTable" name="f1" time="0.363"/>
  <system-out/>
  <testcase classname="com.snowflake.setup.ModifyTable" name="connection" time="0.008"/>
  <system-out/>
</testsuite> <!-- com.snowflake.setup.ModifyTable -->
