<?xml version="1.0" encoding="UTF-8"?>
<!-- Generated by org.testng.reporters.JUnitReportReporter -->
<testsuite hostname="DESKTOP-SRK10AP" failures="0" tests="1" name="com.test.pizzahut.Switch_to_test" time="69.257" errors="0" timestamp="2022-10-10T18:55:17 IST" skipped="0">
  <testcase classname="com.test.pizzahut.Switch_to_test" name="Test1" time="69.257"/>
  <system-out/>
</testsuite> <!-- com.test.pizzahut.Switch_to_test -->
