<?xml version="1.0" encoding="UTF-8"?>
<!-- Generated by org.testng.reporters.JUnitReportReporter -->
<testsuite hostname="INLEN852002488B" failures="0" tests="1" name="com.Snowflake.csv.Compare" time="0.015" errors="0" timestamp="2022-11-08T11:22:00 IST" skipped="0">
  <testcase classname="com.Snowflake.csv.Compare" name="initDb" time="0.015"/>
  <system-out/>
</testsuite> <!-- com.Snowflake.csv.Compare -->
