<?xml version="1.0" encoding="UTF-8"?>
<!-- Generated by org.testng.reporters.JUnitReportReporter -->
<testsuite hostname="INLEN852002488B" failures="0" tests="2" name="com.Snowflake.csv.CompareCSV" time="4.274" errors="0" timestamp="2022-11-13T02:11:47 IST" skipped="0">
  <testcase classname="com.Snowflake.csv.CompareCSV" name="ReadCsv" time="0.013"/>
  <system-out/>
  <testcase classname="com.Snowflake.csv.CompareCSV" name="connection" time="4.261"/>
  <system-out/>
</testsuite> <!-- com.Snowflake.csv.CompareCSV -->
