<?xml version="1.0" encoding="UTF-8"?>
<!-- Generated by org.testng.reporters.JUnitReportReporter -->
<testsuite hostname="LIN83001426" failures="0" tests="13" name="com.qa.orangehrm.testcases.LogInTestCases" time="102.426" errors="0" timestamp="2022-06-08T17:25:13 IST" skipped="0">
  <testcase classname="com.qa.orangehrm.testcases.LogInTestCases" name="logInTest4" time="8.044"/>
  <system-out/>
  <testcase classname="com.qa.orangehrm.testcases.LogInTestCases" name="logInTest7" time="5.900"/>
  <system-out/>
  <testcase classname="com.qa.orangehrm.testcases.LogInTestCases" name="logInTest3" time="7.775"/>
  <system-out/>
  <testcase classname="com.qa.orangehrm.testcases.LogInTestCases" name="logInTest2" time="7.665"/>
  <system-out/>
  <testcase classname="com.qa.orangehrm.testcases.LogInTestCases" name="forgottextbox2" time="8.053"/>
  <system-out/>
  <testcase classname="com.qa.orangehrm.testcases.LogInTestCases" name="forgottextbox3" time="7.815"/>
  <system-out/>
  <testcase classname="com.qa.orangehrm.testcases.LogInTestCases" name="forgottextbox4" time="8.104"/>
  <system-out/>
  <testcase classname="com.qa.orangehrm.testcases.LogInTestCases" name="forgottextbox1" time="7.787"/>
  <system-out/>
  <testcase classname="com.qa.orangehrm.testcases.LogInTestCases" name="forgottextbox5" time="7.599"/>
  <system-out/>
  <testcase classname="com.qa.orangehrm.testcases.LogInTestCases" name="forgotPassword" time="7.238"/>
  <system-out/>
  <testcase classname="com.qa.orangehrm.testcases.LogInTestCases" name="logInTest" time="10.809"/>
  <system-out/>
  <testcase classname="com.qa.orangehrm.testcases.LogInTestCases" name="logInTest5" time="7.622"/>
  <system-out/>
  <testcase classname="com.qa.orangehrm.testcases.LogInTestCases" name="logInTest6" time="8.015"/>
  <system-out/>
</testsuite> <!-- com.qa.orangehrm.testcases.LogInTestCases -->
