<?xml version="1.0" encoding="UTF-8"?>
<!-- Generated by org.testng.reporters.JUnitReportReporter -->
<testsuite hostname="LIN83001426" failures="0" tests="24" name="com.qa.orangehrm.testcases.HomeTestCases" time="356.562" errors="0" timestamp="2022-06-08T16:52:11 IST" skipped="0">
  <testcase classname="com.qa.orangehrm.testcases.HomeTestCases" name="projectnameboxTest" time="15.819"/>
  <system-out/>
  <testcase classname="com.qa.orangehrm.testcases.HomeTestCases" name="approvebtnTest" time="16.711"/>
  <system-out/>
  <testcase classname="com.qa.orangehrm.testcases.HomeTestCases" name="activityboxTest" time="16.315"/>
  <system-out/>
  <testcase classname="com.qa.orangehrm.testcases.HomeTestCases" name="removebtnTest" time="16.449"/>
  <system-out/>
  <testcase classname="com.qa.orangehrm.testcases.HomeTestCases" name="employeenameTest" time="13.984"/>
  <system-out/>
  <testcase classname="com.qa.orangehrm.testcases.HomeTestCases" name="addrow1Test" time="16.317"/>
  <system-out/>
  <testcase classname="com.qa.orangehrm.testcases.HomeTestCases" name="viewbtnTest" time="13.534"/>
  <system-out/>
  <testcase classname="com.qa.orangehrm.testcases.HomeTestCases" name="addrowbtTest" time="16.211"/>
  <system-out/>
  <testcase classname="com.qa.orangehrm.testcases.HomeTestCases" name="rejectbtnTest" time="16.288"/>
  <system-out/>
  <testcase classname="com.qa.orangehrm.testcases.HomeTestCases" name="timemenuTest" time="12.295"/>
  <system-out/>
  <testcase classname="com.qa.orangehrm.testcases.HomeTestCases" name="commentboxTest" time="15.468"/>
  <system-out/>
  <testcase classname="com.qa.orangehrm.testcases.HomeTestCases" name="checkboxTest" time="15.708"/>
  <system-out/>
  <testcase classname="com.qa.orangehrm.testcases.HomeTestCases" name="mytimesheetTest" time="14.908"/>
  <system-out/>
  <testcase classname="com.qa.orangehrm.testcases.HomeTestCases" name="timesheetpendactTest" time="15.021"/>
  <system-out/>
  <testcase classname="com.qa.orangehrm.testcases.HomeTestCases" name="okbtnTest" time="15.431"/>
  <system-out/>
  <testcase classname="com.qa.orangehrm.testcases.HomeTestCases" name="employeetimemenuTest" time="13.312"/>
  <system-out/>
  <testcase classname="com.qa.orangehrm.testcases.HomeTestCases" name="savebtnTest" time="16.282"/>
  <system-out/>
  <testcase classname="com.qa.orangehrm.testcases.HomeTestCases" name="cancelbuttonTest" time="17.455"/>
  <system-out/>
  <testcase classname="com.qa.orangehrm.testcases.HomeTestCases" name="datedropboxTest" time="13.730"/>
  <system-out/>
  <testcase classname="com.qa.orangehrm.testcases.HomeTestCases" name="editbtnTest" time="15.506"/>
  <system-out/>
  <testcase classname="com.qa.orangehrm.testcases.HomeTestCases" name="addtimesheetboxTest" time="14.923"/>
  <system-out/>
  <testcase classname="com.qa.orangehrm.testcases.HomeTestCases" name="pickupdateTest" time="14.170"/>
  <system-out/>
  <testcase classname="com.qa.orangehrm.testcases.HomeTestCases" name="validatehomepage" time="5.648"/>
  <system-out/>
  <testcase classname="com.qa.orangehrm.testcases.HomeTestCases" name="closebtnTest" time="15.077"/>
  <system-out/>
</testsuite> <!-- com.qa.orangehrm.testcases.HomeTestCases -->
