<?xml version="1.0" encoding="UTF-8"?>
<!-- Generated by org.testng.reporters.JUnitReportReporter -->
<testsuite hostname="LIN83001426" failures="0" tests="6" name="com.qa.orangehrm.testcases.ValidationTest" time="91.350" errors="0" timestamp="2022-06-08T17:23:20 IST" skipped="0">
  <testcase classname="com.qa.orangehrm.testcases.ValidationTest" name="projectnameTest" time="16.555"/>
  <system-out/>
  <testcase classname="com.qa.orangehrm.testcases.ValidationTest" name="commentboxTest" time="14.836"/>
  <system-out/>
  <testcase classname="com.qa.orangehrm.testcases.ValidationTest" name="employeenameboxTes" time="14.114"/>
  <system-out/>
  <testcase classname="com.qa.orangehrm.testcases.ValidationTest" name="projectactivityboxTes" time="16.272"/>
  <system-out/>
  <testcase classname="com.qa.orangehrm.testcases.ValidationTest" name="datedropboxTest" time="14.103"/>
  <system-out/>
  <testcase classname="com.qa.orangehrm.testcases.ValidationTest" name="addtimesheetTest" time="15.470"/>
  <system-out/>
</testsuite> <!-- com.qa.orangehrm.testcases.ValidationTest -->
